<?xml version="1.0" encoding="UTF-8"?>
<!-- Generated by org.testng.reporters.JUnitXMLReporter -->
<testsuite ignored="4" hostname="DESKTOP-EVK9GMC" failures="2" tests="3" name="Test" time="54.071" errors="0" timestamp="07 Jan 2021 09:22:50 GMT">
  <testcase classname="com.ShoppingApplication.scripts.AddingProductCart" name="addingProductcart" time="15.668"/>
  <testcase classname="com.ShoppingApplication.scripts.Addingcart1" name="cart" time="0.002">
    <failure type="java.lang.NullPointerException" message="Cannot invoke &amp;quot;com.aventstack.extentreports.ExtentReports.createTest(String)&amp;quot; because &amp;quot;this.reports&amp;quot; is null">
      <![CDATA[java.lang.NullPointerException: Cannot invoke "com.aventstack.extentreports.ExtentReports.createTest(String)" because "this.reports" is null
at com.ShoppingApplication.scripts.Addingcart1.cart(Addingcart1.java:21)
... Removed 25 stack frames]]>
    </failure>
  </testcase> <!-- cart -->
  <testcase classname="com.ShoppingApplication.scripts.ProductDelivery" name="Delivery" time="0.002">
    <failure type="java.lang.NullPointerException" message="Cannot invoke &amp;quot;com.aventstack.extentreports.ExtentReports.createTest(String)&amp;quot; because &amp;quot;this.reports&amp;quot; is null">
      <![CDATA[java.lang.NullPointerException: Cannot invoke "com.aventstack.extentreports.ExtentReports.createTest(String)" because "this.reports" is null
at com.ShoppingApplication.scripts.ProductDelivery.Delivery(ProductDelivery.java:19)
... Removed 25 stack frames]]>
    </failure>
  </testcase> <!-- Delivery -->
  <testcase classname="com.ShoppingApplication.genericlib.BaseClass" name="@BeforeSuite configBS" time="0.0">
    <ignored/>
  </testcase> <!-- @BeforeSuite configBS -->
  <testcase classname="com.ShoppingApplication.genericlib.BaseClass" name="@BeforeSuite configBS" time="0.0">
    <ignored/>
  </testcase> <!-- @BeforeSuite configBS -->
  <testcase classname="com.ShoppingApplication.genericlib.BaseClass" name="@AfterSuite confifAS" time="0.0">
    <ignored/>
  </testcase> <!-- @AfterSuite confifAS -->
  <testcase classname="com.ShoppingApplication.genericlib.BaseClass" name="@AfterSuite confifAS" time="0.0">
    <ignored/>
  </testcase> <!-- @AfterSuite confifAS -->
</testsuite> <!-- Test -->
